\BOOKMARK [1][-]{section.1}{\376\377\133\236\232\214\116\000}{}% 1
\BOOKMARK [2][-]{subsection.1.1}{\376\377\133\236\232\214\166\356\166\204}{section.1}% 2
\BOOKMARK [2][-]{subsection.1.2}{\376\377\133\236\232\214\123\237\164\006}{section.1}% 3
\BOOKMARK [3][-]{subsubsection.1.2.1}{\376\377\135\356\122\006\122\006\136\003\210\150\133\232\116\111}{subsection.1.2}% 4
\BOOKMARK [2][-]{subsection.1.3}{\376\377\133\236\232\214\145\160\143\156\122\006\147\220}{section.1}% 5
\BOOKMARK [3][-]{subsubsection.1.3.1}{\376\377\135\356\122\006\122\006\136\003\210\150\000\040\000\050\000D\000D\000T\000\051\000\040\151\202\211\310}{subsection.1.3}% 6
\BOOKMARK [3][-]{subsubsection.1.3.2}{\376\377\232\330\151\202\163\207\135\356\122\006\215\357\137\204}{subsection.1.3}% 7
\BOOKMARK [3][-]{subsubsection.1.3.3}{\376\377\151\202\163\207\117\040\144\255\171\315\174\173\176\337\213\241}{subsection.1.3}% 8
\BOOKMARK [3][-]{subsubsection.1.3.4}{\376\377\135\356\122\006\170\260\144\236\122\006\147\220\377\010\217\223\121\145\227\136\000\040\0000\000\040\217\223\121\372\116\072\000\040\0000\377\011}{subsection.1.3}% 9
\BOOKMARK [1][-]{section.2}{\376\377\133\236\232\214\116\214}{}% 10
\BOOKMARK [2][-]{subsection.2.1}{\376\377\133\236\232\214\166\356\166\204}{section.2}% 11
\BOOKMARK [2][-]{subsection.2.2}{\376\377\133\236\232\214\123\237\164\006}{section.2}% 12
\BOOKMARK [3][-]{subsubsection.2.2.1}{\376\377\171\357\122\006\162\171\140\047\116\016\000\040\000-\226\306\124\010}{subsection.2.2}% 13
\BOOKMARK [3][-]{subsubsection.2.2.2}{\376\377\000A\000d\000d\000R\000o\000u\000n\000d\000K\000e\000y\116\015\137\161\124\315\155\073\215\303\133\127\202\202}{subsection.2.2}% 14
\BOOKMARK [3][-]{subsubsection.2.2.3}{\376\377\000S\000u\000b\000B\000y\000t\000e\000s\116\015\137\161\124\315\155\073\215\303\133\127\202\202}{subsection.2.2}% 15
\BOOKMARK [3][-]{subsubsection.2.2.4}{\376\377\000S\000h\000i\000f\000t\000R\000o\000w\000s\116\015\137\161\124\315\155\073\215\303\133\127\202\202\145\160\221\317\377\014\117\106\146\057\123\357\200\375\137\161\124\315\155\073\215\303\133\127\202\202\166\204\117\115\177\156}{subsection.2.2}% 16
\BOOKMARK [3][-]{subsubsection.2.2.5}{\376\377\122\027\155\367\155\306\377\010\000M\000i\000x\000C\000o\000l\000u\000m\000n\000s\377\011\166\204\117\134\165\050}{subsection.2.2}% 17
\BOOKMARK [3][-]{subsubsection.2.2.6}{\376\377\173\054\116\000\217\156\176\323\147\137\176\323\147\234}{subsection.2.2}% 18
\BOOKMARK [3][-]{subsubsection.2.2.7}{\376\377\173\054\116\214\217\156\176\323\147\137\176\323\147\234}{subsection.2.2}% 19
\BOOKMARK [3][-]{subsubsection.2.2.8}{\376\377\173\054\116\011\217\156\176\323\147\137\176\323\147\234}{subsection.2.2}% 20
\BOOKMARK [2][-]{subsection.2.3}{\376\377\133\236\232\214\217\307\172\013\116\016\176\323\147\234}{section.2}% 21
\BOOKMARK [3][-]{subsubsection.2.3.1}{\376\377\133\236\232\214\213\276\177\156}{subsection.2.3}% 22
\BOOKMARK [3][-]{subsubsection.2.3.2}{\376\377\176\323\147\234\213\260\137\125}{subsection.2.3}% 23
\BOOKMARK [2][-]{subsection.2.4}{\376\377\163\260\214\141\122\006\147\220\116\016\213\250\213\272}{section.2}% 24
\BOOKMARK [3][-]{subsubsection.2.4.1}{\376\377\0003\000\040\217\156\116\016\000\040\0004\000\040\217\156\163\260\214\141\122\006\147\220}{subsection.2.4}% 25
\BOOKMARK [3][-]{subsubsection.2.4.2}{\376\377\122\040\226\144\000\040\000M\000i\000x\000C\000o\000l\000u\000m\000n\000s\000\040\166\204\137\161\124\315}{subsection.2.4}% 26
\BOOKMARK [2][-]{subsection.2.5}{\376\377\133\236\232\214\176\323\213\272}{section.2}% 27
\BOOKMARK [2][-]{subsection.Alph0.1}{\376\377\226\104\137\125\377\032\133\214\145\164\000\040\000S\0001\000\040\166\322\135\356\122\006\122\006\136\003\210\150\000\040\000\050\000D\000D\000T\000\051}{section.2}% 28
